INFO:sim:172 - Generating IP...
ERROR:sim - Mmcm_Clkin2_Period: Value '10.0' is out of range '[1.953..7.812]'.
Resolving generics for 'testclk'...
Applying external generics to 'testclk'...
Delivering associated files for 'testclk'...
WARNING:sim - Component clk_wiz_v3_6 does not have a valid model name for
   Verilog synthesis
Delivering EJava files for 'testclk'...
Delivered 3 files into directory
/home/oxygen26/TMADDEN/xilinxProjects/mkiddac/mkiddac/ipcore_dir/tmp/_cg/testclk
Delivered 1 file into directory
/home/oxygen26/TMADDEN/xilinxProjects/mkiddac/mkiddac/ipcore_dir/tmp/_cg/testclk
Generating ASY schematic symbol...
Loading device for application Rf_Device from file '6vsx475t.nph' in environment
/local/Xilinx/14.6/ISE_DS/ISE/.
INFO:sim:949 - Finished generation of ASY schematic symbol.
Generating SYM schematic symbol for 'testclk'...
Generating ISE project...
XCO file found: testclk.xco
XMDF file found: testclk_xmdf.tcl
Adding
/home/oxygen26/TMADDEN/xilinxProjects/mkiddac/mkiddac/ipcore_dir/tmp/_cg/testclk
.asy -view all -origin_type imported
Adding
/home/oxygen26/TMADDEN/xilinxProjects/mkiddac/mkiddac/ipcore_dir/tmp/_cg/testclk
.ucf -view all -origin_type created
Adding
/home/oxygen26/TMADDEN/xilinxProjects/mkiddac/mkiddac/ipcore_dir/tmp/_cg/testclk
.v -view all -origin_type created
INFO:HDLCompiler:1845 - Analyzing Verilog file
   "/home/oxygen26/TMADDEN/xilinxProjects/mkiddac/mkiddac/ipcore_dir/tmp/_cg/tes
   tclk.v" into library work
INFO:ProjectMgmt - Parsing design hierarchy completed successfully.
Adding
/home/oxygen26/TMADDEN/xilinxProjects/mkiddac/mkiddac/ipcore_dir/tmp/_cg/testclk
.veo -view all -origin_type imported
INFO:TclTasksC:2116 - The automatic calculation of top has been turned-off.
   Please set the new top explicitly by running the "project set top" command.
   To re-calculate the new top automatically, set the "Auto Implementation Top"
   property to true.
Top level has been set to "/testclk"
Generating README file...
Generating FLIST file...
INFO:sim:948 - Finished FLIST file generation.
Launching README viewer...
Moving files to output directory...
Finished moving files to output directory
Wrote CGP file for project 'testclk'.
