INFO:sim:172 - Generating IP...
Resolving generics for 'dacclk_mmcm'...
Applying external generics to 'dacclk_mmcm'...
Delivering associated files for 'dacclk_mmcm'...
WARNING:sim - Component clk_wiz_v3_6 does not have a valid model name for
   Verilog synthesis
Delivering EJava files for 'dacclk_mmcm'...
Delivered 3 files into directory
/home/oxygen26/TMADDEN/xilinxProjects/mkiddac/mkiddac/ipcore_dir/tmp/_cg/dacclk_
mmcm
Delivered 1 file into directory
/home/oxygen26/TMADDEN/xilinxProjects/mkiddac/mkiddac/ipcore_dir/tmp/_cg/dacclk_
mmcm
Generating ASY schematic symbol...
Loading device for application Rf_Device from file '6vsx475t.nph' in environment
/local/Xilinx/14.6/ISE_DS/ISE/.
INFO:sim:949 - Finished generation of ASY schematic symbol.
Generating SYM schematic symbol for 'dacclk_mmcm'...
Generating ISE project...
XCO file found: dacclk_mmcm.xco
XMDF file found: dacclk_mmcm_xmdf.tcl
Adding
/home/oxygen26/TMADDEN/xilinxProjects/mkiddac/mkiddac/ipcore_dir/tmp/_cg/dacclk_
mmcm.asy -view all -origin_type imported
Adding
/home/oxygen26/TMADDEN/xilinxProjects/mkiddac/mkiddac/ipcore_dir/tmp/_cg/dacclk_
mmcm.ucf -view all -origin_type created
Adding
/home/oxygen26/TMADDEN/xilinxProjects/mkiddac/mkiddac/ipcore_dir/tmp/_cg/dacclk_
mmcm.v -view all -origin_type created
INFO:HDLCompiler:1845 - Analyzing Verilog file
   "/home/oxygen26/TMADDEN/xilinxProjects/mkiddac/mkiddac/ipcore_dir/tmp/_cg/dac
   clk_mmcm.v" into library work
INFO:ProjectMgmt - Parsing design hierarchy completed successfully.
Adding
/home/oxygen26/TMADDEN/xilinxProjects/mkiddac/mkiddac/ipcore_dir/tmp/_cg/dacclk_
mmcm.veo -view all -origin_type imported
INFO:TclTasksC:2116 - The automatic calculation of top has been turned-off.
   Please set the new top explicitly by running the "project set top" command.
   To re-calculate the new top automatically, set the "Auto Implementation Top"
   property to true.
Top level has been set to "/dacclk_mmcm"
Generating README file...
Generating FLIST file...
INFO:sim:948 - Finished FLIST file generation.
Launching README viewer...
Moving files to output directory...
Finished moving files to output directory
Wrote CGP file for project 'dacclk_mmcm'.
